2026-03-25 18:17:41,581 - bot - INFO - Proxy detected from TELEGRAM_PROXY: socks5://127.0.0.1:10808
2026-03-25 18:17:41,907 - bot - INFO - Bot starting with proxy: socks5://127.0.0.1:10808
2026-03-25 18:17:41,908 - aiogram.dispatcher - INFO - Start polling
2026-03-25 18:17:50,815 - aiogram.dispatcher - INFO - Run polling for bot @ownagency_bot id=8617715090 - 'Own Agency | Adalt Agency'
2026-03-25 18:23:02,120 - aiogram.event - INFO - Update id=825518456 is handled. Duration 859 ms by bot id=8617715090
2026-03-25 18:23:04,790 - aiogram.event - INFO - Update id=825518457 is handled. Duration 559 ms by bot id=8617715090
2026-03-25 18:23:07,037 - aiogram.event - INFO - Update id=825518458 is handled. Duration 451 ms by bot id=8617715090
2026-03-25 18:23:15,612 - aiogram.event - INFO - Update id=825518459 is handled. Duration 394 ms by bot id=8617715090
2026-03-25 18:23:19,604 - aiogram.event - INFO - Update id=825518460 is handled. Duration 213 ms by bot id=8617715090
2026-03-25 18:23:24,640 - aiogram.event - INFO - Update id=825518461 is handled. Duration 270 ms by bot id=8617715090
2026-03-25 18:23:32,658 - aiogram.event - INFO - Update id=825518462 is handled. Duration 229 ms by bot id=8617715090
2026-03-25 18:23:37,468 - aiogram.event - INFO - Update id=825518463 is handled. Duration 235 ms by bot id=8617715090
2026-03-25 18:23:44,296 - aiogram.event - INFO - Update id=825518464 is handled. Duration 221 ms by bot id=8617715090
2026-03-25 18:23:47,768 - aiogram.event - INFO - Update id=825518465 is handled. Duration 183 ms by bot id=8617715090
2026-03-25 18:23:55,784 - aiogram.event - INFO - Update id=825518466 is handled. Duration 316 ms by bot id=8617715090
2026-03-25 18:24:03,846 - aiogram.event - INFO - Update id=825518467 is handled. Duration 196 ms by bot id=8617715090
2026-03-25 18:24:13,051 - aiogram.event - INFO - Update id=825518468 is handled. Duration 512 ms by bot id=8617715090
2026-03-25 18:24:56,545 - aiogram.event - INFO - Update id=825518469 is handled. Duration 774 ms by bot id=8617715090
2026-03-25 18:24:59,976 - aiogram.event - INFO - Update id=825518470 is handled. Duration 397 ms by bot id=8617715090
2026-03-25 18:25:02,763 - aiogram.event - INFO - Update id=825518471 is handled. Duration 481 ms by bot id=8617715090
2026-03-25 18:25:04,999 - aiogram.event - INFO - Update id=825518472 is handled. Duration 556 ms by bot id=8617715090
2026-03-25 18:25:40,918 - aiogram.event - INFO - Update id=825518473 is handled. Duration 615 ms by bot id=8617715090
2026-03-25 18:25:47,780 - aiogram.event - INFO - Update id=825518474 is handled. Duration 186 ms by bot id=8617715090
2026-03-25 19:00:39,575 - aiogram.event - INFO - Update id=825518475 is not handled. Duration 31 ms by bot id=8617715090
2026-03-25 19:00:39,575 - aiogram.event - ERROR - Cause exception while process update id=825518475 by bot id=8617715090
AttributeError: 'Bot' object has no attribute 'username'
Traceback (most recent call last):
  File "C:\Users\user\AppData\Local\Programs\Python\Python313\Lib\site-packages\aiogram\dispatcher\dispatcher.py", line 309, in _process_update
    response = await self.feed_update(bot, update, **kwargs)
               ^^^^^^^^^^^^^^^^^^^^^^^^^^^^^^^^^^^^^^^^^^^^^
  File "C:\Users\user\AppData\Local\Programs\Python\Python313\Lib\site-packages\aiogram\dispatcher\dispatcher.py", line 158, in feed_update
    response = await self.update.wrap_outer_middleware(
               ^^^^^^^^^^^^^^^^^^^^^^^^^^^^^^^^^^^^^^^^
    ...<7 lines>...
    )
    ^
  File "C:\Users\user\AppData\Local\Programs\Python\Python313\Lib\site-packages\aiogram\dispatcher\middlewares\error.py", line 25, in __call__
    return await handler(event, data)
           ^^^^^^^^^^^^^^^^^^^^^^^^^^
  File "C:\Users\user\AppData\Local\Programs\Python\Python313\Lib\site-packages\aiogram\dispatcher\middlewares\user_context.py", line 56, in __call__
    return await handler(event, data)
           ^^^^^^^^^^^^^^^^^^^^^^^^^^
  File "C:\Users\user\AppData\Local\Programs\Python\Python313\Lib\site-packages\aiogram\fsm\middleware.py", line 42, in __call__
    return await handler(event, data)
           ^^^^^^^^^^^^^^^^^^^^^^^^^^
  File "C:\Users\user\AppData\Local\Programs\Python\Python313\Lib\site-packages\aiogram\dispatcher\event\telegram.py", line 121, in trigger
    return await wrapped_inner(event, kwargs)
           ^^^^^^^^^^^^^^^^^^^^^^^^^^^^^^^^^^
  File "C:\Users\user\AppData\Local\Programs\Python\Python313\Lib\site-packages\aiogram\dispatcher\event\handler.py", line 43, in call
    return await wrapped()
           ^^^^^^^^^^^^^^^
  File "C:\Users\user\AppData\Local\Programs\Python\Python313\Lib\site-packages\aiogram\dispatcher\dispatcher.py", line 276, in _listen_update
    return await self.propagate_event(update_type=update_type, event=event, **kwargs)
           ^^^^^^^^^^^^^^^^^^^^^^^^^^^^^^^^^^^^^^^^^^^^^^^^^^^^^^^^^^^^^^^^^^^^^^^^^^
  File "C:\Users\user\AppData\Local\Programs\Python\Python313\Lib\site-packages\aiogram\dispatcher\router.py", line 146, in propagate_event
    return await observer.wrap_outer_middleware(_wrapped, event=event, data=kwargs)
           ^^^^^^^^^^^^^^^^^^^^^^^^^^^^^^^^^^^^^^^^^^^^^^^^^^^^^^^^^^^^^^^^^^^^^^^^
  File "C:\Users\user\AppData\Local\Programs\Python\Python313\Lib\site-packages\aiogram\dispatcher\router.py", line 141, in _wrapped
    return await self._propagate_event(
           ^^^^^^^^^^^^^^^^^^^^^^^^^^^^
        observer=observer, update_type=update_type, event=telegram_event, **data
        ^^^^^^^^^^^^^^^^^^^^^^^^^^^^^^^^^^^^^^^^^^^^^^^^^^^^^^^^^^^^^^^^^^^^^^^^
    )
    ^
  File "C:\Users\user\AppData\Local\Programs\Python\Python313\Lib\site-packages\aiogram\dispatcher\router.py", line 174, in _propagate_event
    response = await router.propagate_event(update_type=update_type, event=event, **kwargs)
               ^^^^^^^^^^^^^^^^^^^^^^^^^^^^^^^^^^^^^^^^^^^^^^^^^^^^^^^^^^^^^^^^^^^^^^^^^^^^
  File "C:\Users\user\AppData\Local\Programs\Python\Python313\Lib\site-packages\aiogram\dispatcher\router.py", line 146, in propagate_event
    return await observer.wrap_outer_middleware(_wrapped, event=event, data=kwargs)
           ^^^^^^^^^^^^^^^^^^^^^^^^^^^^^^^^^^^^^^^^^^^^^^^^^^^^^^^^^^^^^^^^^^^^^^^^
  File "C:\Users\user\AppData\Local\Programs\Python\Python313\Lib\site-packages\aiogram\dispatcher\router.py", line 141, in _wrapped
    return await self._propagate_event(
           ^^^^^^^^^^^^^^^^^^^^^^^^^^^^
        observer=observer, update_type=update_type, event=telegram_event, **data
        ^^^^^^^^^^^^^^^^^^^^^^^^^^^^^^^^^^^^^^^^^^^^^^^^^^^^^^^^^^^^^^^^^^^^^^^^
    )
    ^
  File "C:\Users\user\AppData\Local\Programs\Python\Python313\Lib\site-packages\aiogram\dispatcher\router.py", line 166, in _propagate_event
    response = await observer.trigger(event, **kwargs)
               ^^^^^^^^^^^^^^^^^^^^^^^^^^^^^^^^^^^^^^^
  File "C:\Users\user\AppData\Local\Programs\Python\Python313\Lib\site-packages\aiogram\dispatcher\event\telegram.py", line 121, in trigger
    return await wrapped_inner(event, kwargs)
           ^^^^^^^^^^^^^^^^^^^^^^^^^^^^^^^^^^
  File "C:\Users\user\AppData\Local\Programs\Python\Python313\Lib\site-packages\aiogram\dispatcher\event\handler.py", line 43, in call
    return await wrapped()
           ^^^^^^^^^^^^^^^
  File "C:\Users\user\Desktop\telegram-bot\handlers.py", line 341, in menu_referrals
    bot_info_name = message.bot.username or "your_bot"
                    ^^^^^^^^^^^^^^^^^^^^
AttributeError: 'Bot' object has no attribute 'username'
2026-03-26 10:47:34,277 - aiogram.dispatcher - ERROR - Failed to fetch updates - TelegramNetworkError: HTTP Client says - Request timeout error
2026-03-26 10:47:34,278 - aiogram.dispatcher - WARNING - Sleep for 1.000000 seconds and try again... (tryings = 0, bot id = 8617715090)
2026-03-26 10:47:37,298 - aiogram.dispatcher - ERROR - Failed to fetch updates - ConnectionResetError: [WinError 64] Указанное сетевое имя более недоступно
2026-03-26 10:47:37,298 - aiogram.dispatcher - WARNING - Sleep for 1.288364 seconds and try again... (tryings = 1, bot id = 8617715090)
2026-03-26 11:52:03,490 - aiogram.dispatcher - ERROR - Failed to fetch updates - TelegramNetworkError: HTTP Client says - Request timeout error
2026-03-26 11:52:03,490 - aiogram.dispatcher - WARNING - Sleep for 1.668302 seconds and try again... (tryings = 2, bot id = 8617715090)
2026-03-26 11:52:15,664 - aiogram.dispatcher - INFO - Connection established (tryings = 3, bot id = 8617715090)
2026-03-26 12:13:15,965 - aiogram.dispatcher - ERROR - Failed to fetch updates - TelegramNetworkError: HTTP Client says - ServerDisconnectedError: Server disconnected
2026-03-26 12:13:15,965 - aiogram.dispatcher - WARNING - Sleep for 1.000000 seconds and try again... (tryings = 0, bot id = 8617715090)
2026-03-26 12:13:27,473 - aiogram.dispatcher - INFO - Connection established (tryings = 1, bot id = 8617715090)
2026-03-26 12:18:10,508 - aiogram.dispatcher - ERROR - Failed to fetch updates - TelegramNetworkError: HTTP Client says - Request timeout error
2026-03-26 12:18:10,508 - aiogram.dispatcher - WARNING - Sleep for 1.000000 seconds and try again... (tryings = 0, bot id = 8617715090)
2026-03-26 12:18:22,001 - aiogram.dispatcher - INFO - Connection established (tryings = 1, bot id = 8617715090)
2026-03-26 13:49:01,511 - aiogram.dispatcher - ERROR - Failed to fetch updates - TelegramNetworkError: HTTP Client says - Request timeout error
2026-03-26 13:49:01,514 - aiogram.dispatcher - WARNING - Sleep for 1.000000 seconds and try again... (tryings = 0, bot id = 8617715090)
2026-03-26 13:49:04,542 - aiogram.dispatcher - ERROR - Failed to fetch updates - ConnectionResetError: [WinError 64] Указанное сетевое имя более недоступно
2026-03-26 13:49:04,543 - aiogram.dispatcher - WARNING - Sleep for 1.416217 seconds and try again... (tryings = 1, bot id = 8617715090)
2026-03-26 13:49:07,972 - aiogram.dispatcher - ERROR - Failed to fetch updates - ConnectionResetError: [WinError 64] Указанное сетевое имя более недоступно
2026-03-26 13:49:07,972 - aiogram.dispatcher - WARNING - Sleep for 1.836909 seconds and try again... (tryings = 2, bot id = 8617715090)
2026-03-26 13:49:11,836 - aiogram.dispatcher - ERROR - Failed to fetch updates - ConnectionResetError: [WinError 64] Указанное сетевое имя более недоступно
2026-03-26 13:49:11,837 - aiogram.dispatcher - WARNING - Sleep for 2.448632 seconds and try again... (tryings = 3, bot id = 8617715090)
2026-03-26 13:49:16,314 - aiogram.dispatcher - ERROR - Failed to fetch updates - ConnectionResetError: [WinError 64] Указанное сетевое имя более недоступно
2026-03-26 13:49:16,314 - aiogram.dispatcher - WARNING - Sleep for 3.279473 seconds and try again... (tryings = 4, bot id = 8617715090)
2026-03-26 13:49:21,624 - aiogram.dispatcher - ERROR - Failed to fetch updates - ConnectionResetError: [WinError 64] Указанное сетевое имя более недоступно
2026-03-26 13:49:21,624 - aiogram.dispatcher - WARNING - Sleep for 4.398367 seconds and try again... (tryings = 5, bot id = 8617715090)
2026-03-26 13:49:28,043 - aiogram.dispatcher - ERROR - Failed to fetch updates - ConnectionResetError: [WinError 64] Указанное сетевое имя более недоступно
2026-03-26 13:49:28,044 - aiogram.dispatcher - WARNING - Sleep for 4.917079 seconds and try again... (tryings = 6, bot id = 8617715090)
2026-03-26 13:49:35,002 - aiogram.dispatcher - ERROR - Failed to fetch updates - ConnectionResetError: [WinError 64] Указанное сетевое имя более недоступно
2026-03-26 13:49:35,002 - aiogram.dispatcher - WARNING - Sleep for 4.842148 seconds and try again... (tryings = 7, bot id = 8617715090)
2026-03-26 13:49:41,875 - aiogram.dispatcher - ERROR - Failed to fetch updates - ConnectionResetError: [WinError 64] Указанное сетевое имя более недоступно
2026-03-26 13:49:41,875 - aiogram.dispatcher - WARNING - Sleep for 5.148927 seconds and try again... (tryings = 8, bot id = 8617715090)
2026-03-26 13:49:49,052 - aiogram.dispatcher - ERROR - Failed to fetch updates - ConnectionResetError: [WinError 64] Указанное сетевое имя более недоступно
2026-03-26 13:49:49,053 - aiogram.dispatcher - WARNING - Sleep for 5.016079 seconds and try again... (tryings = 9, bot id = 8617715090)
2026-03-26 13:49:56,097 - aiogram.dispatcher - ERROR - Failed to fetch updates - ConnectionResetError: [WinError 64] Указанное сетевое имя более недоступно
2026-03-26 13:49:56,097 - aiogram.dispatcher - WARNING - Sleep for 5.011927 seconds and try again... (tryings = 10, bot id = 8617715090)
2026-03-26 13:50:03,133 - aiogram.dispatcher - ERROR - Failed to fetch updates - ConnectionResetError: [WinError 64] Указанное сетевое имя более недоступно
2026-03-26 13:50:03,133 - aiogram.dispatcher - WARNING - Sleep for 4.986845 seconds and try again... (tryings = 11, bot id = 8617715090)
2026-03-26 13:50:10,147 - aiogram.dispatcher - ERROR - Failed to fetch updates - ConnectionResetError: [WinError 64] Указанное сетевое имя более недоступно
2026-03-26 13:50:10,148 - aiogram.dispatcher - WARNING - Sleep for 5.072117 seconds and try again... (tryings = 12, bot id = 8617715090)
2026-03-26 13:50:17,250 - aiogram.dispatcher - ERROR - Failed to fetch updates - ConnectionResetError: [WinError 64] Указанное сетевое имя более недоступно
2026-03-26 13:50:17,251 - aiogram.dispatcher - WARNING - Sleep for 5.013726 seconds and try again... (tryings = 13, bot id = 8617715090)
2026-03-26 13:50:24,292 - aiogram.dispatcher - ERROR - Failed to fetch updates - ConnectionResetError: [WinError 64] Указанное сетевое имя более недоступно
2026-03-26 13:50:24,292 - aiogram.dispatcher - WARNING - Sleep for 5.167261 seconds and try again... (tryings = 14, bot id = 8617715090)
2026-03-26 13:50:31,495 - aiogram.dispatcher - ERROR - Failed to fetch updates - ConnectionResetError: [WinError 64] Указанное сетевое имя более недоступно
2026-03-26 13:50:31,495 - aiogram.dispatcher - WARNING - Sleep for 4.924614 seconds and try again... (tryings = 15, bot id = 8617715090)
2026-03-26 13:50:38,444 - aiogram.dispatcher - ERROR - Failed to fetch updates - ConnectionResetError: [WinError 64] Указанное сетевое имя более недоступно
2026-03-26 13:50:38,444 - aiogram.dispatcher - WARNING - Sleep for 4.819896 seconds and try again... (tryings = 16, bot id = 8617715090)
2026-03-26 13:50:45,275 - aiogram.dispatcher - ERROR - Failed to fetch updates - ConnectionResetError: [WinError 64] Указанное сетевое имя более недоступно
2026-03-26 13:50:45,275 - aiogram.dispatcher - WARNING - Sleep for 4.991802 seconds and try again... (tryings = 17, bot id = 8617715090)
2026-03-26 13:51:00,763 - aiogram.dispatcher - INFO - Connection established (tryings = 18, bot id = 8617715090)
2026-03-26 14:17:30,312 - aiogram.event - INFO - Update id=825518476 is handled. Duration 585 ms by bot id=8617715090
2026-03-26 14:17:50,529 - aiogram.event - INFO - Update id=825518477 is handled. Duration 504 ms by bot id=8617715090
2026-03-26 14:30:26,167 - aiogram.dispatcher - ERROR - Failed to fetch updates - TelegramNetworkError: HTTP Client says - ServerDisconnectedError: Server disconnected
2026-03-26 14:30:26,167 - aiogram.dispatcher - WARNING - Sleep for 1.000000 seconds and try again... (tryings = 0, bot id = 8617715090)
2026-03-26 14:30:30,271 - aiogram.dispatcher - ERROR - Failed to fetch updates - ConnectionResetError: [WinError 64] Указанное сетевое имя более недоступно
2026-03-26 14:30:30,271 - aiogram.dispatcher - WARNING - Sleep for 1.373959 seconds and try again... (tryings = 1, bot id = 8617715090)
2026-03-26 14:30:35,647 - aiogram.dispatcher - ERROR - Failed to fetch updates - ConnectionResetError: [WinError 64] Указанное сетевое имя более недоступно
2026-03-26 14:30:35,648 - aiogram.dispatcher - WARNING - Sleep for 1.837589 seconds and try again... (tryings = 2, bot id = 8617715090)
2026-03-26 14:30:40,306 - aiogram.dispatcher - ERROR - Failed to fetch updates - ConnectionResetError: [WinError 64] Указанное сетевое имя более недоступно
2026-03-26 14:30:40,306 - aiogram.dispatcher - WARNING - Sleep for 2.450317 seconds and try again... (tryings = 3, bot id = 8617715090)
2026-03-26 14:30:45,647 - aiogram.dispatcher - ERROR - Failed to fetch updates - ConnectionResetError: [WinError 64] Указанное сетевое имя более недоступно
2026-03-26 14:30:45,647 - aiogram.dispatcher - WARNING - Sleep for 3.068742 seconds and try again... (tryings = 4, bot id = 8617715090)
2026-03-26 14:30:51,708 - aiogram.dispatcher - ERROR - Failed to fetch updates - ConnectionResetError: [WinError 64] Указанное сетевое имя более недоступно
2026-03-26 14:30:51,708 - aiogram.dispatcher - WARNING - Sleep for 4.018615 seconds and try again... (tryings = 5, bot id = 8617715090)
2026-03-26 14:31:11,295 - aiogram.dispatcher - INFO - Connection established (tryings = 6, bot id = 8617715090)
2026-03-26 14:31:16,501 - aiogram.event - INFO - Update id=825518478 is handled. Duration 616 ms by bot id=8617715090
2026-03-26 14:34:28,861 - aiogram.event - INFO - Update id=825518479 is handled. Duration 563 ms by bot id=8617715090
2026-03-26 14:35:56,140 - aiogram.event - INFO - Update id=825518480 is handled. Duration 630 ms by bot id=8617715090
2026-03-26 14:40:25,745 - aiogram.event - INFO - Update id=825518481 is handled. Duration 569 ms by bot id=8617715090
2026-03-26 14:40:28,061 - aiogram.event - INFO - Update id=825518482 is not handled. Duration 14 ms by bot id=8617715090
2026-03-26 14:40:28,061 - aiogram.event - ERROR - Cause exception while process update id=825518482 by bot id=8617715090
AttributeError: 'Bot' object has no attribute 'username'
Traceback (most recent call last):
  File "C:\Users\user\AppData\Local\Programs\Python\Python313\Lib\site-packages\aiogram\dispatcher\dispatcher.py", line 309, in _process_update
    response = await self.feed_update(bot, update, **kwargs)
               ^^^^^^^^^^^^^^^^^^^^^^^^^^^^^^^^^^^^^^^^^^^^^
  File "C:\Users\user\AppData\Local\Programs\Python\Python313\Lib\site-packages\aiogram\dispatcher\dispatcher.py", line 158, in feed_update
    response = await self.update.wrap_outer_middleware(
               ^^^^^^^^^^^^^^^^^^^^^^^^^^^^^^^^^^^^^^^^
    ...<7 lines>...
    )
    ^
  File "C:\Users\user\AppData\Local\Programs\Python\Python313\Lib\site-packages\aiogram\dispatcher\middlewares\error.py", line 25, in __call__
    return await handler(event, data)
           ^^^^^^^^^^^^^^^^^^^^^^^^^^
  File "C:\Users\user\AppData\Local\Programs\Python\Python313\Lib\site-packages\aiogram\dispatcher\middlewares\user_context.py", line 56, in __call__
    return await handler(event, data)
           ^^^^^^^^^^^^^^^^^^^^^^^^^^
  File "C:\Users\user\AppData\Local\Programs\Python\Python313\Lib\site-packages\aiogram\fsm\middleware.py", line 42, in __call__
    return await handler(event, data)
           ^^^^^^^^^^^^^^^^^^^^^^^^^^
  File "C:\Users\user\AppData\Local\Programs\Python\Python313\Lib\site-packages\aiogram\dispatcher\event\telegram.py", line 121, in trigger
    return await wrapped_inner(event, kwargs)
           ^^^^^^^^^^^^^^^^^^^^^^^^^^^^^^^^^^
  File "C:\Users\user\AppData\Local\Programs\Python\Python313\Lib\site-packages\aiogram\dispatcher\event\handler.py", line 43, in call
    return await wrapped()
           ^^^^^^^^^^^^^^^
  File "C:\Users\user\AppData\Local\Programs\Python\Python313\Lib\site-packages\aiogram\dispatcher\dispatcher.py", line 276, in _listen_update
    return await self.propagate_event(update_type=update_type, event=event, **kwargs)
           ^^^^^^^^^^^^^^^^^^^^^^^^^^^^^^^^^^^^^^^^^^^^^^^^^^^^^^^^^^^^^^^^^^^^^^^^^^
  File "C:\Users\user\AppData\Local\Programs\Python\Python313\Lib\site-packages\aiogram\dispatcher\router.py", line 146, in propagate_event
    return await observer.wrap_outer_middleware(_wrapped, event=event, data=kwargs)
           ^^^^^^^^^^^^^^^^^^^^^^^^^^^^^^^^^^^^^^^^^^^^^^^^^^^^^^^^^^^^^^^^^^^^^^^^
  File "C:\Users\user\AppData\Local\Programs\Python\Python313\Lib\site-packages\aiogram\dispatcher\router.py", line 141, in _wrapped
    return await self._propagate_event(
           ^^^^^^^^^^^^^^^^^^^^^^^^^^^^
        observer=observer, update_type=update_type, event=telegram_event, **data
        ^^^^^^^^^^^^^^^^^^^^^^^^^^^^^^^^^^^^^^^^^^^^^^^^^^^^^^^^^^^^^^^^^^^^^^^^
    )
    ^
  File "C:\Users\user\AppData\Local\Programs\Python\Python313\Lib\site-packages\aiogram\dispatcher\router.py", line 174, in _propagate_event
    response = await router.propagate_event(update_type=update_type, event=event, **kwargs)
               ^^^^^^^^^^^^^^^^^^^^^^^^^^^^^^^^^^^^^^^^^^^^^^^^^^^^^^^^^^^^^^^^^^^^^^^^^^^^
  File "C:\Users\user\AppData\Local\Programs\Python\Python313\Lib\site-packages\aiogram\dispatcher\router.py", line 146, in propagate_event
    return await observer.wrap_outer_middleware(_wrapped, event=event, data=kwargs)
           ^^^^^^^^^^^^^^^^^^^^^^^^^^^^^^^^^^^^^^^^^^^^^^^^^^^^^^^^^^^^^^^^^^^^^^^^
  File "C:\Users\user\AppData\Local\Programs\Python\Python313\Lib\site-packages\aiogram\dispatcher\router.py", line 141, in _wrapped
    return await self._propagate_event(
           ^^^^^^^^^^^^^^^^^^^^^^^^^^^^
        observer=observer, update_type=update_type, event=telegram_event, **data
        ^^^^^^^^^^^^^^^^^^^^^^^^^^^^^^^^^^^^^^^^^^^^^^^^^^^^^^^^^^^^^^^^^^^^^^^^
    )
    ^
  File "C:\Users\user\AppData\Local\Programs\Python\Python313\Lib\site-packages\aiogram\dispatcher\router.py", line 166, in _propagate_event
    response = await observer.trigger(event, **kwargs)
               ^^^^^^^^^^^^^^^^^^^^^^^^^^^^^^^^^^^^^^^
  File "C:\Users\user\AppData\Local\Programs\Python\Python313\Lib\site-packages\aiogram\dispatcher\event\telegram.py", line 121, in trigger
    return await wrapped_inner(event, kwargs)
           ^^^^^^^^^^^^^^^^^^^^^^^^^^^^^^^^^^
  File "C:\Users\user\AppData\Local\Programs\Python\Python313\Lib\site-packages\aiogram\dispatcher\event\handler.py", line 43, in call
    return await wrapped()
           ^^^^^^^^^^^^^^^
  File "C:\Users\user\Desktop\telegram-bot\handlers.py", line 341, in menu_referrals
    bot_info_name = message.bot.username or "your_bot"
                    ^^^^^^^^^^^^^^^^^^^^
AttributeError: 'Bot' object has no attribute 'username'
2026-03-26 14:40:30,527 - aiogram.event - INFO - Update id=825518483 is handled. Duration 157 ms by bot id=8617715090
2026-03-26 14:40:32,806 - aiogram.event - INFO - Update id=825518484 is handled. Duration 359 ms by bot id=8617715090
